\BOOKMARK [0][-]{chapter.1}{Introduction}{}
\BOOKMARK [1][-]{section.1.1}{Background}{chapter.1}
\BOOKMARK [1][-]{section.1.2}{Discussion on various aspects of PyCK}{chapter.1}
\BOOKMARK [1][-]{section.1.3}{Feature Plan}{chapter.1}
\BOOKMARK [0][-]{chapter.2}{Changes}{}
\BOOKMARK [1][-]{section.2.1}{Whats new in 0.4}{chapter.2}
\BOOKMARK [1][-]{section.2.2}{Whats new in 0.3}{chapter.2}
\BOOKMARK [1][-]{section.2.3}{Whats new in 0.2.4}{chapter.2}
\BOOKMARK [1][-]{section.2.4}{Whats new in 0.2.3}{chapter.2}
\BOOKMARK [1][-]{section.2.5}{Whats new in 0.2.2}{chapter.2}
\BOOKMARK [1][-]{section.2.6}{Whats new in 0.2.1}{chapter.2}
\BOOKMARK [1][-]{section.2.7}{Whats new in 0.2.0}{chapter.2}
\BOOKMARK [1][-]{section.2.8}{Whats new in 0.1.6}{chapter.2}
\BOOKMARK [0][-]{chapter.3}{Installation}{}
\BOOKMARK [0][-]{chapter.4}{Starting a Project}{}
\BOOKMARK [0][-]{chapter.5}{Adding an Application}{}
\BOOKMARK [0][-]{chapter.6}{Pluggable application in PyCK}{}
\BOOKMARK [1][-]{section.6.1}{Implement application\137routes function in \137\137init\137\137.py}{chapter.6}
\BOOKMARK [1][-]{section.6.2}{Implement a populate\137app function to your app's scripts/populate.py script}{chapter.6}
\BOOKMARK [0][-]{chapter.7}{Structure of a PyCK Project}{}
\BOOKMARK [0][-]{chapter.8}{The Problem \(The Why? of Form Library\)}{}
\BOOKMARK [1][-]{section.8.1}{The choices}{chapter.8}
\BOOKMARK [1][-]{section.8.2}{Conclusion}{chapter.8}
\BOOKMARK [0][-]{chapter.9}{The pyck.forms Package}{}
\BOOKMARK [0][-]{chapter.10}{The pyck.controllers Package}{}
\BOOKMARK [0][-]{chapter.11}{Indices and tables}{}
\BOOKMARK [0][-]{section*.18}{Python Module Index}{}
